<?xml version="1.0" encoding="UTF-8"?>
<!-- Generated by org.testng.reporters.JUnitReportReporter -->
<testsuite hostname="LAPTOP-M7E35HJA" failures="0" tests="2" name="CampaignTest.CreateCampaign" time="39.264" errors="0" timestamp="2025-03-29T20:47:22 IST" skipped="0">
  <testcase classname="CampaignTest.CreateCampaign" name="createCampaignTest" time="20.869">
    <system-out>
      <![CDATA[campaign TestBanner_798 added successfully]]>
    </system-out>
  </testcase> <!-- createCampaignTest -->
  <testcase classname="CampaignTest.CreateCampaign" name="createCampaignWithDateTest" time="18.395">
    <system-out>
      <![CDATA[campaign TestBanner_1495 added successfully]]>
    </system-out>
  </testcase> <!-- createCampaignWithDateTest -->
  <system-out>
    <![CDATA[campaign TestBanner_798 added successfully
campaign TestBanner_1495 added successfully
Product Book_622 added successfully
Contact Test202 added successfully]]>
  </system-out>
</testsuite> <!-- CampaignTest.CreateCampaign -->
