<?xml version="1.0" encoding="UTF-8"?>
<!-- Generated by org.testng.reporters.JUnitReportReporter -->
<testsuite hostname="LAPTOP-M7E35HJA" failures="0" tests="3" name="DDTPractice.DataProviderUsage" time="0.025" errors="0" timestamp="2025-03-25T20:41:25 IST" skipped="0">
  <testcase classname="DDTPractice.DataProviderUsage" name="testCase" time="0.007"/>
  <testcase classname="DDTPractice.DataProviderUsage" name="testCase" time="0.006"/>
  <testcase classname="DDTPractice.DataProviderUsage" name="testCase" time="0.012"/>
</testsuite> <!-- DDTPractice.DataProviderUsage -->
