<?xml version="1.0" encoding="UTF-8"?>
<!-- Generated by org.testng.reporters.JUnitReportReporter -->
<testsuite hostname="LAPTOP-M7E35HJA" failures="0" tests="1" name="ContactTest.CreateContact" time="28.705" errors="0" timestamp="2025-03-29T20:47:22 IST" skipped="0">
  <testcase classname="ContactTest.CreateContact" name="createContactWithCampaignTest" time="28.705">
    <system-out>
      <![CDATA[Contact Test202 added successfully]]>
    </system-out>
  </testcase> <!-- createContactWithCampaignTest -->
  <system-out>
    <![CDATA[campaign TestBanner_798 added successfully
campaign TestBanner_1495 added successfully
Product Book_622 added successfully
Contact Test202 added successfully]]>
  </system-out>
</testsuite> <!-- ContactTest.CreateContact -->
